2023-04-18 20:48:17 INFO  Log:16 - ************************************
2023-04-18 20:48:17 INFO  Log:17 - ************************************
2023-04-18 20:48:17 INFO  Log:18 - **********This is the begining of my Test case************
2023-04-18 20:48:17 INFO  Log:34 - My test case is executing right now
2023-04-18 20:48:17 INFO  Log:39 - My test case might have some trivial issues
2023-04-18 20:48:29 INFO  Log:34 - This test case is about to get completed 
2023-04-18 20:48:29 INFO  Log:25 - ####################################
2023-04-18 20:48:29 INFO  Log:26 - ####################################
2023-04-18 20:48:29 INFO  Log:27 - ###############This test case is finished#############
2023-04-18 20:54:04 INFO  Log:16 - ************************************
2023-04-18 20:54:04 INFO  Log:17 - ************************************
2023-04-18 20:54:04 INFO  Log:18 - **********This is the begining of my Test case************
2023-04-18 20:54:04 INFO  Log:34 - My test case is executing right now
2023-04-18 20:54:04 INFO  Log:39 - My test case might have some trivial issues
2023-04-18 20:54:11 INFO  Log:34 - This test case is about to get completed 
2023-04-18 20:54:11 INFO  Log:25 - ####################################
2023-04-18 20:54:11 INFO  Log:26 - ####################################
2023-04-18 20:54:11 INFO  Log:27 - ###############This test case is finished#############
2023-04-18 22:03:21 INFO  Log:16 - ************************************
2023-04-18 22:03:21 INFO  Log:17 - ************************************
2023-04-18 22:03:21 INFO  Log:18 - **********This is the begining of my Test case************
2023-04-18 22:03:21 INFO  Log:34 - My test case is executing right now
2023-04-18 22:03:21 INFO  Log:39 - My test case might have some trivial issues
2023-04-18 22:03:28 INFO  Log:34 - This test case is about to get completed 
2023-04-18 22:03:28 INFO  Log:25 - ####################################
2023-04-18 22:03:28 INFO  Log:26 - ####################################
2023-04-18 22:03:28 INFO  Log:27 - ###############This test case is finished#############
2023-04-18 22:03:46 INFO  Log:16 - ************************************
2023-04-18 22:03:46 INFO  Log:17 - ************************************
2023-04-18 22:03:46 INFO  Log:18 - **********This is the begining of my Test case************
2023-04-18 22:03:46 INFO  Log:34 - My test case is executing right now
2023-04-18 22:03:46 INFO  Log:39 - My test case might have some trivial issues
2023-04-18 22:03:53 INFO  Log:34 - This test case is about to get completed 
2023-04-18 22:03:53 INFO  Log:25 - ####################################
2023-04-18 22:03:53 INFO  Log:26 - ####################################
2023-04-18 22:03:53 INFO  Log:27 - ###############This test case is finished#############
2023-05-13 12:27:38 INFO  Log:16 - ************************************
2023-05-13 12:27:38 INFO  Log:17 - ************************************
2023-05-13 12:27:38 INFO  Log:18 - **********This is the begining of my Test case************
2023-05-13 12:27:38 INFO  Log:34 - My test case is executing right now
2023-05-13 12:27:38 INFO  Log:39 - My test case might have some trivial issues
2023-05-13 12:27:39 INFO  Log:34 - This test case is about to get completed 
2023-05-13 12:27:39 INFO  Log:25 - ####################################
2023-05-13 12:27:39 INFO  Log:26 - ####################################
2023-05-13 12:27:39 INFO  Log:27 - ###############This test case is finished#############
2023-05-13 12:43:00 INFO  Log:16 - ************************************
2023-05-13 12:43:00 INFO  Log:17 - ************************************
2023-05-13 12:43:00 INFO  Log:18 - **********This is the begining of my Test case************
2023-05-13 12:43:00 INFO  Log:34 - My test case is executing right now
2023-05-13 12:43:00 INFO  Log:39 - My test case might have some trivial issues
2023-05-13 12:43:01 INFO  Log:34 - This test case is about to get completed 
2023-05-13 12:43:01 INFO  Log:25 - ####################################
2023-05-13 12:43:01 INFO  Log:26 - ####################################
2023-05-13 12:43:01 INFO  Log:27 - ###############This test case is finished#############
2023-05-13 12:49:30 INFO  Log:16 - ************************************
2023-05-13 12:49:30 INFO  Log:17 - ************************************
2023-05-13 12:49:30 INFO  Log:18 - **********This is the begining of my Test case************
2023-05-13 12:49:30 INFO  Log:34 - My test case is executing right now
2023-05-13 12:49:30 INFO  Log:39 - My test case might have some trivial issues
2023-05-13 12:49:31 INFO  Log:34 - This test case is about to get completed 
2023-05-13 12:49:31 INFO  Log:25 - ####################################
2023-05-13 12:49:31 INFO  Log:26 - ####################################
2023-05-13 12:49:31 INFO  Log:27 - ###############This test case is finished#############
2023-05-13 12:49:56 INFO  Log:16 - ************************************
2023-05-13 12:49:56 INFO  Log:17 - ************************************
2023-05-13 12:49:56 INFO  Log:18 - **********This is the begining of my Test case************
2023-05-13 12:49:56 INFO  Log:34 - My test case is executing right now
2023-05-13 12:49:56 INFO  Log:39 - My test case might have some trivial issues
2023-05-13 12:49:58 INFO  Log:34 - This test case is about to get completed 
2023-05-13 12:49:58 INFO  Log:25 - ####################################
2023-05-13 12:49:58 INFO  Log:26 - ####################################
2023-05-13 12:49:58 INFO  Log:27 - ###############This test case is finished#############
2023-05-13 13:12:15 INFO  Log:16 - ************************************
2023-05-13 13:12:15 INFO  Log:17 - ************************************
2023-05-13 13:12:15 INFO  Log:18 - **********This is the begining of my Test case************
2023-05-13 13:12:15 INFO  Log:34 - My test case is executing right now
2023-05-13 13:12:15 INFO  Log:39 - My test case might have some trivial issues
2023-05-13 13:12:17 INFO  Log:34 - This test case is about to get completed 
2023-05-13 13:12:17 INFO  Log:25 - ####################################
2023-05-13 13:12:17 INFO  Log:26 - ####################################
2023-05-13 13:12:17 INFO  Log:27 - ###############This test case is finished#############
2023-05-13 13:18:36 INFO  Log:16 - ************************************
2023-05-13 13:18:36 INFO  Log:17 - ************************************
2023-05-13 13:18:36 INFO  Log:18 - **********This is the begining of my Test case************
2023-05-13 13:18:36 INFO  Log:34 - My test case is executing right now
2023-05-13 13:18:36 INFO  Log:39 - My test case might have some trivial issues
2023-05-13 13:18:37 INFO  Log:34 - This test case is about to get completed 
2023-05-13 13:18:37 INFO  Log:25 - ####################################
2023-05-13 13:18:37 INFO  Log:26 - ####################################
2023-05-13 13:18:37 INFO  Log:27 - ###############This test case is finished#############
2023-05-13 13:18:39 INFO  Log:16 - ************************************
2023-05-13 13:18:39 INFO  Log:17 - ************************************
2023-05-13 13:18:39 INFO  Log:18 - **********This is the begining of my Test case************
2023-05-13 13:18:39 INFO  Log:34 - My test case is executing right now
2023-05-13 13:18:39 INFO  Log:39 - My test case might have some trivial issues
2023-05-13 13:18:40 INFO  Log:34 - This test case is about to get completed 
2023-05-13 13:18:40 INFO  Log:25 - ####################################
2023-05-13 13:18:40 INFO  Log:26 - ####################################
2023-05-13 13:18:40 INFO  Log:27 - ###############This test case is finished#############
2023-05-13 13:18:42 INFO  Log:16 - ************************************
2023-05-13 13:18:42 INFO  Log:17 - ************************************
2023-05-13 13:18:42 INFO  Log:18 - **********This is the begining of my Test case************
2023-05-13 13:18:42 INFO  Log:34 - My test case is executing right now
2023-05-13 13:18:42 INFO  Log:39 - My test case might have some trivial issues
2023-05-13 13:18:48 INFO  Log:34 - This test case is about to get completed 
2023-05-13 13:18:48 INFO  Log:25 - ####################################
2023-05-13 13:18:48 INFO  Log:26 - ####################################
2023-05-13 13:18:48 INFO  Log:27 - ###############This test case is finished#############
2023-05-13 13:18:51 INFO  Log:16 - ************************************
2023-05-13 13:18:51 INFO  Log:17 - ************************************
2023-05-13 13:18:51 INFO  Log:18 - **********This is the begining of my Test case************
2023-05-13 13:18:51 INFO  Log:34 - My test case is executing right now
2023-05-13 13:18:51 INFO  Log:39 - My test case might have some trivial issues
2023-05-13 13:19:04 INFO  Log:34 - This test case is about to get completed 
2023-05-13 13:19:04 INFO  Log:25 - ####################################
2023-05-13 13:19:04 INFO  Log:26 - ####################################
2023-05-13 13:19:04 INFO  Log:27 - ###############This test case is finished#############
2023-05-13 13:19:06 INFO  Log:16 - ************************************
2023-05-13 13:19:06 INFO  Log:17 - ************************************
2023-05-13 13:19:06 INFO  Log:18 - **********This is the begining of my Test case************
2023-05-13 13:19:06 INFO  Log:34 - My test case is executing right now
2023-05-13 13:19:06 INFO  Log:39 - My test case might have some trivial issues
2023-05-13 13:19:09 INFO  Log:34 - This test case is about to get completed 
2023-05-13 13:19:09 INFO  Log:25 - ####################################
2023-05-13 13:19:09 INFO  Log:26 - ####################################
2023-05-13 13:19:09 INFO  Log:27 - ###############This test case is finished#############
2023-05-13 13:19:10 INFO  Log:16 - ************************************
2023-05-13 13:19:10 INFO  Log:17 - ************************************
2023-05-13 13:19:10 INFO  Log:18 - **********This is the begining of my Test case************
2023-05-13 13:19:10 INFO  Log:34 - My test case is executing right now
2023-05-13 13:19:10 INFO  Log:39 - My test case might have some trivial issues
2023-05-13 13:19:13 INFO  Log:34 - This test case is about to get completed 
2023-05-13 13:19:13 INFO  Log:25 - ####################################
2023-05-13 13:19:13 INFO  Log:26 - ####################################
2023-05-13 13:19:13 INFO  Log:27 - ###############This test case is finished#############
2023-05-13 13:19:15 INFO  Log:16 - ************************************
2023-05-13 13:19:15 INFO  Log:17 - ************************************
2023-05-13 13:19:15 INFO  Log:18 - **********This is the begining of my Test case************
2023-05-13 13:19:15 INFO  Log:34 - My test case is executing right now
2023-05-13 13:19:15 INFO  Log:39 - My test case might have some trivial issues
2023-05-13 13:19:17 INFO  Log:34 - This test case is about to get completed 
2023-05-13 13:19:17 INFO  Log:25 - ####################################
2023-05-13 13:19:17 INFO  Log:26 - ####################################
2023-05-13 13:19:17 INFO  Log:27 - ###############This test case is finished#############
2023-05-13 13:19:19 INFO  Log:16 - ************************************
2023-05-13 13:19:19 INFO  Log:17 - ************************************
2023-05-13 13:19:19 INFO  Log:18 - **********This is the begining of my Test case************
2023-05-13 13:19:19 INFO  Log:34 - My test case is executing right now
2023-05-13 13:19:19 INFO  Log:39 - My test case might have some trivial issues
2023-05-13 13:19:22 INFO  Log:34 - This test case is about to get completed 
2023-05-13 13:19:22 INFO  Log:25 - ####################################
2023-05-13 13:19:22 INFO  Log:26 - ####################################
2023-05-13 13:19:22 INFO  Log:27 - ###############This test case is finished#############
2023-05-13 13:19:23 INFO  Log:16 - ************************************
2023-05-13 13:19:23 INFO  Log:17 - ************************************
2023-05-13 13:19:23 INFO  Log:18 - **********This is the begining of my Test case************
2023-05-13 13:19:23 INFO  Log:34 - My test case is executing right now
2023-05-13 13:19:23 INFO  Log:39 - My test case might have some trivial issues
2023-05-13 13:19:26 INFO  Log:34 - This test case is about to get completed 
2023-05-13 13:19:26 INFO  Log:25 - ####################################
2023-05-13 13:19:26 INFO  Log:26 - ####################################
2023-05-13 13:19:26 INFO  Log:27 - ###############This test case is finished#############
2023-05-13 13:19:28 INFO  Log:16 - ************************************
2023-05-13 13:19:28 INFO  Log:17 - ************************************
2023-05-13 13:19:28 INFO  Log:18 - **********This is the begining of my Test case************
2023-05-13 13:19:28 INFO  Log:34 - My test case is executing right now
2023-05-13 13:19:28 INFO  Log:39 - My test case might have some trivial issues
2023-05-13 13:19:35 INFO  Log:34 - This test case is about to get completed 
2023-05-13 13:19:35 INFO  Log:25 - ####################################
2023-05-13 13:19:35 INFO  Log:26 - ####################################
2023-05-13 13:19:35 INFO  Log:27 - ###############This test case is finished#############
2023-05-13 13:22:54 INFO  Log:16 - ************************************
2023-05-13 13:22:54 INFO  Log:17 - ************************************
2023-05-13 13:22:54 INFO  Log:18 - **********This is the begining of my Test case************
2023-05-13 13:22:54 INFO  Log:34 - My test case is executing right now
2023-05-13 13:22:54 INFO  Log:39 - My test case might have some trivial issues
2023-05-13 13:22:59 INFO  Log:34 - This test case is about to get completed 
2023-05-13 13:22:59 INFO  Log:25 - ####################################
2023-05-13 13:22:59 INFO  Log:26 - ####################################
2023-05-13 13:22:59 INFO  Log:27 - ###############This test case is finished#############
2023-05-13 13:23:01 INFO  Log:16 - ************************************
2023-05-13 13:23:01 INFO  Log:17 - ************************************
2023-05-13 13:23:01 INFO  Log:18 - **********This is the begining of my Test case************
2023-05-13 13:23:01 INFO  Log:34 - My test case is executing right now
2023-05-13 13:23:01 INFO  Log:39 - My test case might have some trivial issues
2023-05-13 13:23:09 INFO  Log:34 - This test case is about to get completed 
2023-05-13 13:23:09 INFO  Log:25 - ####################################
2023-05-13 13:23:09 INFO  Log:26 - ####################################
2023-05-13 13:23:09 INFO  Log:27 - ###############This test case is finished#############
2023-05-13 13:23:11 INFO  Log:16 - ************************************
2023-05-13 13:23:11 INFO  Log:17 - ************************************
2023-05-13 13:23:11 INFO  Log:18 - **********This is the begining of my Test case************
2023-05-13 13:23:11 INFO  Log:34 - My test case is executing right now
2023-05-13 13:23:11 INFO  Log:39 - My test case might have some trivial issues
2023-05-13 13:23:17 INFO  Log:34 - This test case is about to get completed 
2023-05-13 13:23:17 INFO  Log:25 - ####################################
2023-05-13 13:23:17 INFO  Log:26 - ####################################
2023-05-13 13:23:17 INFO  Log:27 - ###############This test case is finished#############
2023-05-13 13:23:19 INFO  Log:16 - ************************************
2023-05-13 13:23:19 INFO  Log:17 - ************************************
2023-05-13 13:23:19 INFO  Log:18 - **********This is the begining of my Test case************
2023-05-13 13:23:19 INFO  Log:34 - My test case is executing right now
2023-05-13 13:23:19 INFO  Log:39 - My test case might have some trivial issues
2023-05-13 13:23:30 INFO  Log:34 - This test case is about to get completed 
2023-05-13 13:23:30 INFO  Log:25 - ####################################
2023-05-13 13:23:30 INFO  Log:26 - ####################################
2023-05-13 13:23:30 INFO  Log:27 - ###############This test case is finished#############
2023-05-13 13:23:32 INFO  Log:16 - ************************************
2023-05-13 13:23:32 INFO  Log:17 - ************************************
2023-05-13 13:23:32 INFO  Log:18 - **********This is the begining of my Test case************
2023-05-13 13:23:32 INFO  Log:34 - My test case is executing right now
2023-05-13 13:23:32 INFO  Log:39 - My test case might have some trivial issues
2023-05-13 13:23:34 INFO  Log:34 - This test case is about to get completed 
2023-05-13 13:23:34 INFO  Log:25 - ####################################
2023-05-13 13:23:34 INFO  Log:26 - ####################################
2023-05-13 13:23:34 INFO  Log:27 - ###############This test case is finished#############
2023-05-13 13:23:36 INFO  Log:16 - ************************************
2023-05-13 13:23:36 INFO  Log:17 - ************************************
2023-05-13 13:23:36 INFO  Log:18 - **********This is the begining of my Test case************
2023-05-13 13:23:36 INFO  Log:34 - My test case is executing right now
2023-05-13 13:23:36 INFO  Log:39 - My test case might have some trivial issues
2023-05-13 13:23:38 INFO  Log:34 - This test case is about to get completed 
2023-05-13 13:23:38 INFO  Log:25 - ####################################
2023-05-13 13:23:38 INFO  Log:26 - ####################################
2023-05-13 13:23:38 INFO  Log:27 - ###############This test case is finished#############
2023-05-13 13:23:40 INFO  Log:16 - ************************************
2023-05-13 13:23:40 INFO  Log:17 - ************************************
2023-05-13 13:23:40 INFO  Log:18 - **********This is the begining of my Test case************
2023-05-13 13:23:40 INFO  Log:34 - My test case is executing right now
2023-05-13 13:23:40 INFO  Log:39 - My test case might have some trivial issues
2023-05-13 13:23:42 INFO  Log:34 - This test case is about to get completed 
2023-05-13 13:23:42 INFO  Log:25 - ####################################
2023-05-13 13:23:42 INFO  Log:26 - ####################################
2023-05-13 13:23:42 INFO  Log:27 - ###############This test case is finished#############
2023-05-13 13:23:44 INFO  Log:16 - ************************************
2023-05-13 13:23:44 INFO  Log:17 - ************************************
2023-05-13 13:23:44 INFO  Log:18 - **********This is the begining of my Test case************
2023-05-13 13:23:44 INFO  Log:34 - My test case is executing right now
2023-05-13 13:23:44 INFO  Log:39 - My test case might have some trivial issues
2023-05-13 13:23:46 INFO  Log:34 - This test case is about to get completed 
2023-05-13 13:23:46 INFO  Log:25 - ####################################
2023-05-13 13:23:46 INFO  Log:26 - ####################################
2023-05-13 13:23:46 INFO  Log:27 - ###############This test case is finished#############
2023-05-13 13:23:48 INFO  Log:16 - ************************************
2023-05-13 13:23:48 INFO  Log:17 - ************************************
2023-05-13 13:23:48 INFO  Log:18 - **********This is the begining of my Test case************
2023-05-13 13:23:48 INFO  Log:34 - My test case is executing right now
2023-05-13 13:23:48 INFO  Log:39 - My test case might have some trivial issues
2023-05-13 13:23:50 INFO  Log:34 - This test case is about to get completed 
2023-05-13 13:23:50 INFO  Log:25 - ####################################
2023-05-13 13:23:50 INFO  Log:26 - ####################################
2023-05-13 13:23:50 INFO  Log:27 - ###############This test case is finished#############
2023-05-13 13:23:52 INFO  Log:16 - ************************************
2023-05-13 13:23:52 INFO  Log:17 - ************************************
2023-05-13 13:23:52 INFO  Log:18 - **********This is the begining of my Test case************
2023-05-13 13:23:52 INFO  Log:34 - My test case is executing right now
2023-05-13 13:23:52 INFO  Log:39 - My test case might have some trivial issues
2023-05-13 13:23:59 INFO  Log:34 - This test case is about to get completed 
2023-05-13 13:23:59 INFO  Log:25 - ####################################
2023-05-13 13:23:59 INFO  Log:26 - ####################################
2023-05-13 13:23:59 INFO  Log:27 - ###############This test case is finished#############
2023-05-13 13:24:29 INFO  Log:16 - ************************************
2023-05-13 13:24:29 INFO  Log:17 - ************************************
2023-05-13 13:24:29 INFO  Log:18 - **********This is the begining of my Test case************
2023-05-13 13:24:29 INFO  Log:34 - My test case is executing right now
2023-05-13 13:24:29 INFO  Log:39 - My test case might have some trivial issues
2023-05-13 13:24:37 INFO  Log:34 - This test case is about to get completed 
2023-05-13 13:24:37 INFO  Log:25 - ####################################
2023-05-13 13:24:37 INFO  Log:26 - ####################################
2023-05-13 13:24:37 INFO  Log:27 - ###############This test case is finished#############
2023-05-13 13:35:05 INFO  Log:16 - ************************************
2023-05-13 13:35:05 INFO  Log:17 - ************************************
2023-05-13 13:35:05 INFO  Log:18 - **********This is the begining of my Test case************
2023-05-13 13:35:05 INFO  Log:34 - My test case is executing right now
2023-05-13 13:35:05 INFO  Log:39 - My test case might have some trivial issues
2023-05-13 13:35:15 INFO  Log:34 - This test case is about to get completed 
2023-05-13 13:35:15 INFO  Log:25 - ####################################
2023-05-13 13:35:15 INFO  Log:26 - ####################################
2023-05-13 13:35:15 INFO  Log:27 - ###############This test case is finished#############
2023-05-13 13:38:12 INFO  Log:16 - ************************************
2023-05-13 13:38:12 INFO  Log:17 - ************************************
2023-05-13 13:38:12 INFO  Log:18 - **********This is the begining of my Test case************
2023-05-13 13:38:12 INFO  Log:34 - My test case is executing right now
2023-05-13 13:38:12 INFO  Log:39 - My test case might have some trivial issues
2023-05-30 21:32:51 INFO  Log:16 - ************************************
2023-05-30 21:32:51 INFO  Log:17 - ************************************
2023-05-30 21:32:51 INFO  Log:18 - **********This is the begining of my Test case************
2023-05-30 21:32:51 INFO  Log:34 - My test case is executing right now
2023-05-30 21:32:51 INFO  Log:39 - My test case might have some trivial issues
2023-05-30 21:33:02 INFO  Log:34 - This test case is about to get completed 
2023-05-30 21:33:02 INFO  Log:25 - ####################################
2023-05-30 21:33:02 INFO  Log:26 - ####################################
2023-05-30 21:33:02 INFO  Log:27 - ###############This test case is finished#############
2023-05-30 21:33:20 INFO  Log:16 - ************************************
2023-05-30 21:33:20 INFO  Log:17 - ************************************
2023-05-30 21:33:20 INFO  Log:18 - **********This is the begining of my Test case************
2023-05-30 21:33:20 INFO  Log:34 - My test case is executing right now
2023-05-30 21:33:20 INFO  Log:39 - My test case might have some trivial issues
2023-05-30 21:33:33 INFO  Log:34 - This test case is about to get completed 
2023-05-30 21:33:33 INFO  Log:25 - ####################################
2023-05-30 21:33:33 INFO  Log:26 - ####################################
2023-05-30 21:33:33 INFO  Log:27 - ###############This test case is finished#############
